


ARM Macro Assembler    Page 1 


    1 00000000         ;******************** (C) COPYRIGHT 2020 STMicroelectron
                       ics ********************
    2 00000000         ;* File Name          : bootloader.s
    3 00000000         ;* @author  MCD Application Team
    4 00000000         ;* Description        : Coretx-M7 binary code include .s
                        file
    5 00000000         ;*******************************************************
                       ***********************
    6 00000000         ;* @attention
    7 00000000         ;*
    8 00000000         ;* Copyright (c) 2020 STMicroelectronics.
    9 00000000         ;* All rights reserved.
   10 00000000         ;*
   11 00000000         ;* This software component is licensed by ST under BSD 3
                       -Clause license,
   12 00000000         ;* the "License"; You may not use this file except in co
                       mpliance with the
   13 00000000         ;* License. You may obtain a copy of the License at:
   14 00000000         ;*                        opensource.org/licenses/BSD-3-
                       Clause
   15 00000000         ;*
   16 00000000         ;*******************************************************
                       ***********************
   17 00000000                 EXPORT           bootloader
   18 00000000                 AREA             bootloader_section, DATA, PREIN
IT_ARRAY
   19 00000000         bootloader
   20 00000000 B0 08 00 
              20 F5 1E 
              00 08 CD 
              1E 00 08 
              CF 1E 00 
              08 D1 1E 
              00 08 D3 
              1E 00 08 
              D5 1E 00 
              08 00 00 
              00 00 00 
              00 00 00 
              00 00 00 
              00 00 00 
              00 00 D7 
              1E 00 08 
              D9 1E 00 
              08 00 00 
              00 00 DB 
              1E 00 08 
              DD 1E 00 
              08 1D 1F 
              00 08 21 
              1F 00 08 
              25 1F 00 
              08 29 1F 
              00 08 2D 
              1F 00 08 
              31 1F 00 
              08 35 1F 
              00 08 39 
              1F 00 08 



ARM Macro Assembler    Page 2 


              3D 1F 00 
              08 41 1F 
              00 08 45 
              1F 00 08 
              49 1F 00 
              08 4D 1F 
              00 08 51 
              1F 00 08 
              55 1F 00 
              08 59 1F 
              00 08 5D 
              1F 00 08 
              61 1F 00 
              08 65 1F 
              00 08 69 
              1F 00 08 
              6D 1F 00 
              08 71 1F 
              00 08 75 
              1F 00 08 
              79 1F 00 
              08 7D 1F 
              00 08 81 
              1F 00 08 
              85 1F 00 
              08 89 1F 
              00 08 8D 
              1F 00 08 
              91 1F 00 
              08 95 1F 
              00 08 99 
              1F 00 08 
              9D 1F 00 
              08 A1 1F 
              00 08 A5 
              1F 00 08 
              A9 1F 00 
              08 AD 1F 
              00 08 B1 
              1F 00 08 
              B5 1F 00 
              08 B9 1F 
              00 08 BD 
              1F 00 08 
              C1 1F 00 
              08 C5 1F 
              00 08 C9 
              1F 00 08 
              CD 1F 00 
              08 D1 1F 
              00 08 D5 
              1F 00 08 
              D9 1F 00 
              08 DD 1F 
              00 08 E1 
              1F 00 08 
              E5 1F 00 
              08 E9 1F 
              00 08 ED 



ARM Macro Assembler    Page 3 


              1F 00 08 
              F1 1F 00 
              08 F5 1F 
              00 08 F9 
              1F 00 08 
              FD 1F 00 
              08 01 20 
              00 08 05 
              20 00 08 
              09 20 00 
              08 0D 20 
              00 08 11 
              20 00 08 
              15 20 00 
              08 19 20 
              00 08 1D 
              20 00 08 
              21 20 00 
              08 25 20 
              00 08 29 
              20 00 08 
              2D 20 00 
              08 31 20 
              00 08 35 
              20 00 08 
              39 20 00 
              08 3D 20 
              00 08 41 
              20 00 08 
              45 20 00 
              08 49 20 
              00 08 4D 
              20 00 08 
              51 20 00 
              08 55 20 
              00 08 59 
              20 00 08 
              5D 20 00 
              08 61 20 
              00 08 65 
              20 00 08 
              69 20 00 
              08 6D 20 
              00 08 71 
              20 00 08 
              75 20 00 
              08 79 20 
              00 08 7D 
              20 00 08 
              81 20 00 
              08 85 20 
              00 08 89 
              20 00 08 
              8D 20 00 
              08 91 20 
              00 08 95 
              20 00 08 
              99 20 00 
              08 9D 20 



ARM Macro Assembler    Page 4 


              00 08 A1 
              20 00 08 
              7C B5 04 
              00 01 26 
              00 F0 FB 
              FB 05 00 
              00 2C 01 
              D1 01 20 
              5A E0 20 
              6A 40 28 
              94 F8 40 
              00 01 28 
              01 D1 02 
              20 52 E0 
              01 20 84 
              F8 40 00 
              94 F8 41 
              00 00 28 
              0A D1 00 
              20 84 F8 
              40 00 20 
              00 00 F0 
              E0 FB 41 
              F2 88 31 
              20 00 00 
              F0 B4 FA 
              20 68 00 
              68 30 F4 
              F8 50 A1 
              68 49 1E 
              50 EA 01 
              20 21 68 
              08 60 A0 
              6C 00 90 
              2B 00 00 
              22 20 21 
              20 00 00 
              F0 A4 FA 
              01 00 C9 
              B2 00 29 
              26 D1 21 
              68 0A 68 
              14 49 0A 
              40 61 68 
              52 EA 01 
              62 E1 68 
              0A 43 E1 
              69 0A 43 
              21 6A 0A 
              43 21 68 
              0A 60 21 
              68 4A 68 
              0E 49 0A 
              40 21 69 
              52 EA 01 
              42 61 69 
              0A 43 A1 
              69 0A 43 
              21 68 4A 



ARM Macro Assembler    Page 5 


              60 21 68 
              09 68 51 
              F0 01 01 
              22 68 11 
              60 00 21 
              61 64 01 
              21 84 F8 
              41 10 00 
              21 84 F8 
              40 10 C0 
              B2 76 BD 
              2F FF FF 
              00 FE F8 
              E0 FF 10 
              B5 04 00 
              00 2C 01 
              D1 01 20 
              1A E0 94 
              F8 40 00 
              01 28 01 
              D1 02 20 
              14 E0 01 
              20 84 F8 
              40 00 20 
              68 00 68 
              40 08 40 
              00 21 68 
              08 60 20 
              00 00 F0 
              84 FB 00 
              20 60 64 
              00 20 84 
              F8 41 00 
              00 20 84 
              F8 40 00 
              00 20 10 
              BD 2D E9 
              F8 43 04 
              00 0D 00 
              16 00 5F 
              F0 01 08 
              00 F0 6B 
              FB 07 00 
              A8 69 00 
              28 E8 69 
              00 28 28 
              6A 00 28 
              94 F8 40 
              00 01 28 
              01 D1 02 
              20 3D E0 
              01 20 84 
              F8 40 00 
              94 F8 41 
              00 01 28 
              2F D1 00 
              20 60 64 
              02 20 84 
              F8 41 00 



ARM Macro Assembler    Page 6 


              00 96 3B 
              00 00 22 
              20 21 20 
              00 00 F0 
              25 FA 81 
              46 48 46 
              C0 B2 00 
              28 20 D1 
              00 22 29 
              00 20 00 
              00 F0 44 
              FA 68 6A 
              00 28 12 
              D1 00 96 
              3B 00 01 
              22 02 21 
              20 00 00 
              F0 11 FA 
              81 46 48 
              46 C0 B2 
              00 28 0C 
              D1 02 20 
              21 68 C8 
              60 01 20 
              84 F8 41 
              00 05 E0 
              01 20 84 
              F8 41 00 
              01 E0 5F 
              F0 02 09 
              00 20 84 
              F8 40 00 
              48 46 C0 
              B2 BD E8 
              F2 83 2D 
              E9 F8 43 
              05 00 0C 
              00 16 00 
              00 27 00 
              F0 16 FB 
              80 46 28 
              68 10 F1 
              20 09 95 
              F8 40 00 
              01 28 01 
              D1 02 20 
              5E E0 01 
              20 85 F8 
              40 00 95 
              F8 41 00 
              01 28 50 
              D1 00 20 
              68 64 00 
              2C 45 D0 
              12 20 85 
              F8 41 00 
              28 68 00 
              69 40 1C 
              E8 62 28 



ARM Macro Assembler    Page 7 


              68 00 69 
              40 1C A8 
              62 6C 62 
              28 68 40 
              69 30 F0 
              40 60 29 
              68 48 61 
              E8 6A 00 
              28 15 D0 
              00 96 43 
              46 01 22 
              04 21 28 
              00 00 F0 
              BF F9 07 
              00 38 00 
              C0 B2 00 
              28 09 D1 
              68 6A 41 
              1C 69 62 
              00 78 89 
              F8 00 00 
              E8 6A 40 
              1E E8 62 
              E6 E7 38 
              00 C0 B2 
              00 28 12 
              D1 00 96 
              43 46 01 
              22 02 21 
              28 00 00 
              F0 A5 F9 
              07 00 38 
              00 C0 B2 
              00 28 06 
              D1 02 20 
              29 68 C8 
              60 28 00 
              00 F0 4C 
              F9 07 00 
              01 20 85 
              F8 41 00 
              08 E0 68 
              6C 50 F0 
              08 00 68 
              64 01 20 
              07 00 01 
              E0 02 20 
              07 00 00 
              20 85 F8 
              40 00 38 
              00 C0 B2 
              BD E8 F2 
              83 2D E9 
              FC 47 05 
              00 0C 00 
              16 00 00 
              27 00 F0 
              A3 FA 80 
              46 28 68 



ARM Macro Assembler    Page 8 


              D0 F8 18 
              90 28 68 
              10 F1 20 
              0A 95 F8 
              40 00 01 
              28 01 D1 
              02 20 63 
              E0 01 20 
              85 F8 40 
              00 95 F8 
              41 00 01 
              28 55 D1 
              00 20 68 
              64 00 2C 
              4A D0 22 
              20 85 F8 
              41 00 28 
              68 00 69 
              40 1C A8 
              63 28 68 
              00 69 40 
              1C 68 63 
              2C 63 28 
              68 40 69 
              30 F0 40 
              60 50 F0 
              80 60 29 
              68 48 61 
              28 68 C0 
              F8 18 90 
              A8 6B 00 
              28 15 D0 
              00 96 43 
              46 01 22 
              06 21 28 
              00 00 F0 
              44 F9 07 
              00 38 00 
              C0 B2 00 
              28 09 D1 
              28 6B 41 
              1C 29 63 
              9A F8 00 
              10 01 70 
              A8 6B 40 
              1E A8 63 
              E6 E7 38 
              00 C0 B2 
              00 28 12 
              D1 00 96 
              43 46 01 
              22 02 21 
              28 00 00 
              F0 2A F9 
              07 00 38 
              00 C0 B2 
              00 28 06 
              D1 02 20 
              29 68 C8 



ARM Macro Assembler    Page 9 


              60 28 00 
              00 F0 D1 
              F8 07 00 
              01 20 85 
              F8 41 00 
              08 E0 68 
              6C 50 F0 
              08 00 68 
              64 01 20 
              07 00 01 
              E0 02 20 
              07 00 00 
              20 85 F8 
              40 00 38 
              00 C0 B2 
              BD E8 F6 
              87 2D E9 
              FC 47 04 
              00 0D 00 
              16 00 1F 
              00 5F F0 
              01 08 00 
              F0 26 FA 
              81 46 A8 
              69 00 28 
              E8 69 00 
              28 28 6A 
              00 28 94 
              F8 40 00 
              01 28 01 
              D1 02 20 
              4C E0 01 
              20 84 F8 
              40 00 94 
              F8 41 00 
              01 28 3E 
              D1 00 20 
              60 64 42 
              20 84 F8 
              41 00 00 
              97 4B 46 
              00 22 20 
              21 20 00 
              00 F0 E0 
              F8 82 46 
              50 46 C0 
              B2 00 28 
              2F D1 30 
              68 21 68 
              88 62 70 
              68 21 68 
              48 62 B0 
              68 21 68 
              C8 62 20 
              68 01 68 
              31 F4 40 
              01 30 69 
              01 43 51 
              F4 80 01 



ARM Macro Assembler    Page 10 


              20 68 01 
              60 F0 68 
              A8 62 5F 
              F0 00 62 
              29 00 20 
              00 00 F0 
              E9 F8 00 
              97 4B 46 
              01 22 08 
              21 20 00 
              00 F0 B9 
              F8 82 46 
              50 46 C0 
              B2 00 28 
              08 D1 08 
              20 21 68 
              C8 60 01 
              20 84 F8 
              41 00 01 
              E0 5F F0 
              02 0A 00 
              20 84 F8 
              40 00 50 
              46 C0 B2 
              BD E8 F6 
              87 2D E9 
              F8 43 04 
              00 0D 00 
              16 00 5F 
              F0 01 08 
              00 F0 C1 
              F9 07 00 
              A8 69 00 
              28 E8 69 
              00 28 28 
              6A 00 28 
              94 F8 40 
              00 01 28 
              01 D1 02 
              20 3D E0 
              01 20 84 
              F8 40 00 
              94 F8 41 
              00 01 28 
              2F D1 00 
              20 60 64 
              82 20 84 
              F8 41 00 
              A0 6C 00 
              90 3B 00 
              00 22 20 
              21 20 00 
              00 F0 7A 
              F8 81 46 
              48 46 C0 
              B2 00 28 
              1F D1 20 
              68 01 68 
              31 F0 08 



ARM Macro Assembler    Page 11 


              01 70 68 
              01 43 20 
              68 01 60 
              70 68 08 
              28 0B D1 
              30 68 21 
              68 08 63 
              10 20 21 
              68 C8 60 
              20 68 00 
              68 50 F4 
              80 10 21 
              68 08 60 
              5F F0 40 
              62 29 00 
              20 00 00 
              F0 81 F8 
              01 E0 5F 
              F0 02 09 
              00 20 84 
              F8 40 00 
              48 46 C0 
              B2 BD E8 
              F2 83 7C 
              B5 04 00 
              00 25 00 
              F0 6F F9 
              06 00 94 
              F8 41 00 
              80 07 3E 
              D5 00 20 
              84 F8 40 
              00 20 68 
              00 68 40 
              07 11 D5 
              20 68 00 
              68 30 F0 
              04 00 21 
              68 08 60 
              E0 6B 00 
              F0 7E F9 
              05 00 28 
              00 C0 B2 
              00 28 03 
              D0 60 6C 
              50 F0 04 
              00 60 64 
              20 68 00 
              68 50 F0 
              02 00 21 
              68 08 60 
              A0 6C 00 
              90 33 00 
              01 22 02 
              21 20 00 
              00 F0 1D 
              F8 05 00 
              28 00 C0 
              B2 00 28 



ARM Macro Assembler    Page 12 


              0B D1 02 
              20 21 68 
              C8 60 A0 
              6C 00 90 
              33 00 00 
              22 20 21 
              20 00 00 
              F0 0D F8 
              05 00 28 
              00 C0 B2 
              00 28 02 
              D1 01 20 
              84 F8 41 
              00 28 00 
              C0 B2 76 
              BD 81 64 
              70 47 2D 
              E9 F0 41 
              05 00 0E 
              00 90 46 
              1F 00 06 
              9C 28 68 
              80 68 30 
              42 01 D0 
              01 20 00 
              E0 00 20 
              41 46 C0 
              B2 C9 B2 
              88 42 12 
              D0 14 F1 
              01 0F F0 
              D0 00 2C 
              04 D0 00 
              F0 0C F9 
              C0 1B 84 
              42 E9 D2 
              04 20 85 
              F8 41 00 
              68 6C 50 
              F0 01 00 
              68 64 01 
              20 00 E0 
              00 20 BD 
              E8 F0 81 
              10 B4 4B 
              6A 00 2B 
              06 D0 B2 
              F1 40 6F 
              03 D0 8B 
              6A 5B 1E 
              04 68 23 
              61 8B 69 
              00 2B 79 
              D0 0B 6A 
              00 2B 3E 
              D0 8B 68 
              04 68 E3 
              61 CB 69 
              00 2B 20 



ARM Macro Assembler    Page 13 


              D0 CC 6A 
              0B 6B 1C 
              43 4B 6B 
              1C 43 4B 
              6A 1C 43 
              4B 69 54 
              EA 83 44 
              0B 69 1C 
              43 0B 6A 
              1C 43 CB 
              68 1C 43 
              CB 69 1C 
              43 8B 69 
              1C 43 0B 
              68 1C 43 
              14 43 03 
              68 5C 61 
              B2 F1 40 
              6F 00 F0 
              C6 80 4B 
              68 04 68 
              A3 61 C1 
              E0 CC 6A 
              0B 6B 1C 
              43 4B 6B 
              1C 43 4B 
              6A 1C 43 
              4B 69 54 
              EA 83 44 
              0B 69 1C 
              43 0B 6A 
              1C 43 CB 
              69 1C 43 
              8B 69 1C 
              43 0B 68 
              1C 43 14 
              43 03 68 
              5C 61 A9 
              E0 CB 69 
              00 2B 1E 
              D0 CC 6A 
              0B 6B 1C 
              43 4B 6B 
              1C 43 4B 
              6A 1C 43 
              4B 69 54 
              EA 83 44 
              0B 6A 1C 
              43 CB 68 
              1C 43 CB 
              69 1C 43 
              8B 69 1C 
              43 0B 68 
              1C 43 14 
              43 03 68 
              5C 61 B2 
              F1 40 6F 
              00 F0 8C 
              80 4B 68 



ARM Macro Assembler    Page 14 


              04 68 A3 
              61 87 E0 
              CC 6A 0B 
              6B 1C 43 
              4B 6B 1C 
              43 4B 6A 
              1C 43 4B 
              69 54 EA 
              83 44 0B 
              6A 1C 43 
              CB 69 1C 
              43 8B 69 
              1C 43 0B 
              68 1C 43 
              14 43 03 
              68 5C 61 
              71 E0 0B 
              6A 00 2B 
              39 D0 8B 
              68 04 68 
              E3 61 CB 
              69 00 2B 
              1D D0 CC 
              6A 0B 6B 
              1C 43 4B 
              6B 1C 43 
              4B 6A 1C 
              43 4B 69 
              54 EA 83 
              44 0B 69 
              1C 43 0B 
              6A 1C 43 
              CB 68 1C 
              43 CB 69 
              1C 43 8B 
              69 1C 43 
              14 43 03 
              68 5C 61 
              B2 F1 40 
              6F 4E D0 
              4B 68 04 
              68 A3 61 
              4A E0 CC 
              6A 0B 6B 
              1C 43 4B 
              6B 1C 43 
              4B 6A 1C 
              43 4B 69 
              54 EA 83 
              44 0B 69 
              1C 43 0B 
              6A 1C 43 
              CB 69 1C 
              43 8B 69 
              1C 43 14 
              43 03 68 
              5C 61 34 
              E0 CB 69 
              00 2B 1B 



ARM Macro Assembler    Page 15 


              D0 CC 6A 
              0B 6B 1C 
              43 4B 6B 
              1C 43 4B 
              6A 1C 43 
              4B 69 54 
              EA 83 44 
              0B 6A 1C 
              43 CB 68 
              1C 43 CB 
              69 1C 43 
              8B 69 1C 
              43 14 43 
              03 68 5C 
              61 B2 F1 
              40 6F 19 
              D0 4B 68 
              04 68 A3 
              61 15 E0 
              4B 6A 00 
              2B 12 D0 
              CC 6A 0B 
              6B 1C 43 
              4B 6B 1C 
              43 4B 6A 
              1C 43 4B 
              69 54 EA 
              83 44 0B 
              6A 1C 43 
              CB 69 1C 
              43 8B 69 
              1C 43 14 
              43 03 68 
              5C 61 10 
              BC 70 47 
              70 47 01 
              48 00 68 
              70 47 00 
              BF AC 00 
              00 20 70 
              47 30 B4 
              00 25 13 
              E0 50 F8 
              04 2B D3 
              07 44 BF 
              A9 F1 01 
              03 9A 18 
              09 1F 04 
              29 42 F8 
              04 5B FA 
              D2 13 46 
              8C 07 44 
              BF 15 80 
              9B 1C C9 
              07 48 BF 
              1D 70 50 
              F8 04 1B 
              00 29 E7 
              D1 30 BC 



ARM Macro Assembler    Page 16 


              70 47 70 
              B5 04 00 
              A5 6D FF 
              F7 D7 FF 
              06 00 94 
              F8 35 00 
              02 28 06 
              D0 80 20 
              60 65 00 
              20 84 F8 
              34 00 01 
              20 3B E0 
              20 68 00 
              68 30 F0 
              16 00 21 
              68 08 60 
              20 68 40 
              69 30 F0 
              80 00 21 
              68 48 61 
              20 6C 00 
              28 02 D1 
              A0 6C 00 
              28 05 D0 
              20 68 00 
              68 30 F0 
              08 00 21 
              68 08 60 
              20 68 00 
              68 40 08 
              40 00 21 
              68 08 60 
              20 68 00 
              68 C0 07 
              0E D5 FF 
              F7 A7 FF 
              80 1B 06 
              28 F6 D3 
              20 20 60 
              65 00 20 
              84 F8 34 
              00 03 20 
              84 F8 35 
              00 03 20 
              0A E0 3F 
              21 E0 6D 
              81 40 A9 
              60 00 20 
              84 F8 34 
              00 01 20 
              84 F8 35 
              00 00 20 
              70 BD 2D 
              E9 FC 41 
              04 00 00 
              26 00 2C 
              01 D1 01 
              20 D8 E1 
              20 78 C0 



ARM Macro Assembler    Page 17 


              07 6D D5 
              DF F8 94 
              05 01 68 
              11 F0 0C 
              01 04 29 
              09 D0 00 
              68 10 F0 
              0C 00 08 
              28 0E D1 
              DF F8 80 
              05 00 68 
              40 02 09 
              D5 DF F8 
              6C 05 00 
              68 80 03 
              57 D5 60 
              68 00 28 
              54 D1 01 
              20 BA E1 
              60 68 B0 
              F5 80 3F 
              06 D1 DF 
              F8 50 05 
              01 68 51 
              F4 80 31 
              01 60 26 
              E0 60 68 
              00 28 0A 
              D1 DF F8 
              3C 05 01 
              68 31 F4 
              80 31 01 
              60 01 68 
              31 F4 80 
              21 01 60 
              18 E0 60 
              68 B0 F5 
              A0 2F 0A 
              D1 DF F8 
              20 05 01 
              68 51 F4 
              80 21 01 
              60 01 68 
              51 F4 80 
              31 01 60 
              09 E0 DF 
              F8 08 05 
              01 68 31 
              F4 80 31 
              01 60 01 
              68 31 F4 
              80 21 01 
              60 60 68 
              00 28 0E 
              D0 FF F7 
              31 FF 05 
              00 DF F8 
              E8 04 00 
              68 80 03 



ARM Macro Assembler    Page 18 


              15 D4 FF 
              F7 29 FF 
              40 1B 65 
              28 F5 D3 
              03 20 76 
              E1 FF F7 
              22 FF 05 
              00 DF F8 
              CC 04 00 
              68 80 03 
              06 D5 FF 
              F7 1A FF 
              40 1B 65 
              28 F5 D3 
              03 20 67 
              E1 20 78 
              80 07 52 
              D5 DF F8 
              B0 04 01 
              68 11 F0 
              0C 0F 09 
              D0 00 68 
              10 F0 0C 
              00 08 28 
              16 D1 DF 
              F8 A0 04 
              00 68 40 
              02 11 D4 
              DF F8 8C 
              04 01 68 
              89 07 04 
              D5 E1 68 
              01 29 01 
              D0 01 20 
              4A E1 01 
              68 31 F0 
              F8 01 22 
              69 51 EA 
              C2 01 01 
              60 30 E0 
              E0 68 00 
              28 1A D0 
              DF F8 64 
              74 38 68 
              50 F0 01 
              00 38 60 
              FF F7 E5 
              FE 05 00 
              38 68 80 
              07 06 D4 
              FF F7 DF 
              FE 40 1B 
              03 28 F7 
              D3 03 20 
              2C E1 38 
              68 30 F0 
              F8 00 21 
              69 50 EA 
              C1 00 38 



ARM Macro Assembler    Page 19 


              60 12 E0 
              DF F8 2C 
              74 38 68 
              40 08 40 
              00 38 60 
              FF F7 CA 
              FE 05 00 
              38 68 80 
              07 06 D5 
              FF F7 C4 
              FE 40 1B 
              03 28 F7 
              D3 03 20 
              11 E1 20 
              78 00 07 
              28 D5 60 
              69 00 28 
              12 D0 DF 
              F8 08 74 
              38 68 50 
              F0 01 00 
              38 60 FF 
              F7 B1 FE 
              05 00 38 
              68 80 07 
              19 D4 FF 
              F7 AB FE 
              40 1B 03 
              28 F7 D3 
              03 20 F8 
              E0 DF F8 
              E0 73 38 
              68 40 08 
              40 00 38 
              60 FF F7 
              9E FE 05 
              00 38 68 
              80 07 06 
              D5 FF F7 
              98 FE 40 
              1B 03 28 
              F7 D3 03 
              20 E5 E0 
              20 78 40 
              07 40 F1 
              87 80 DF 
              F8 C0 73 
              38 68 C0 
              00 0A D4 
              38 68 50 
              F0 80 50 
              38 60 38 
              68 10 F0 
              80 50 00 
              90 00 98 
              01 20 06 
              00 DF F8 
              A4 83 D8 
              F8 00 00 



ARM Macro Assembler    Page 20 


              C0 05 13 
              D4 D8 F8 
              00 00 50 
              F4 80 70 
              C8 F8 00 
              00 FF F7 
              71 FE 05 
              00 D8 F8 
              00 00 C0 
              05 06 D4 
              FF F7 6A 
              FE 40 1B 
              65 28 F6 
              D3 03 20 
              B7 E0 A0 
              68 01 28 
              06 D1 DF 
              F8 6C 03 
              01 68 51 
              F0 01 01 
              01 60 25 
              E0 A0 68 
              00 28 0A 
              D1 DF F8 
              58 03 01 
              68 49 08 
              49 00 01 
              60 01 68 
              31 F0 04 
              01 01 60 
              17 E0 A0 
              68 05 28 
              0A D1 DF 
              F8 3C 03 
              01 68 51 
              F0 04 01 
              01 60 01 
              68 51 F0 
              01 01 01 
              60 09 E0 
              DF F8 28 
              03 01 68 
              49 08 49 
              00 01 60 
              01 68 31 
              F0 04 01 
              01 60 A0 
              68 00 28 
              10 D0 FF 
              F7 30 FE 
              05 00 DF 
              F8 08 03 
              00 68 80 
              07 19 D4 
              FF F7 28 
              FE 40 1B 
              41 F2 89 
              31 88 42 
              F3 D3 03 



ARM Macro Assembler    Page 21 


              20 73 E0 
              FF F7 1F 
              FE 05 00 
              DF F8 E4 
              02 00 68 
              80 07 08 
              D5 FF F7 
              17 FE 40 
              1B 41 F2 
              89 31 88 
              42 F3 D3 
              03 20 62 
              E0 30 00 
              C0 B2 01 
              28 03 D1 
              38 68 30 
              F0 80 50 
              38 60 A0 
              69 00 28 
              56 D0 DF 
              F8 98 02 
              00 68 10 
              F0 0C 00 
              08 28 4D 
              D0 A0 69 
              02 28 37 
              D1 DF F8 
              80 72 38 
              68 30 F0 
              80 70 38 
              60 FF F7 
              F3 FD 80 
              46 38 68 
              80 01 07 
              D5 FF F7 
              ED FD B0 
              EB 08 00 
              03 28 F6 
              D3 03 20 
              39 E0 E1 
              69 20 6A 
              01 43 60 
              6A 51 EA 
              80 11 A0 
              6A 40 08 
              40 1E 51 
              EA 00 41 
              E0 6A 51 
              EA 00 61 
              51 F0 00 
              51 DF F8 
              40 02 01 
              60 38 68 
              50 F0 80 
              70 38 60 
              FF F7 CE 
              FD 05 00 
              38 68 80 
              01 1B D4 



ARM Macro Assembler    Page 22 


              FF F7 C8 
              FD 40 1B 
              03 28 F7 
              D3 03 20 
              15 E0 DF 
              F8 10 72 
              38 68 30 
              F0 80 70 
              38 60 FF 
              F7 BB FD 
              05 00 38 
              68 80 01 
              08 D5 FF 
              F7 B5 FD 
              40 1B 03 
              28 F7 D3 
              03 20 02 
              E0 01 20 
              00 E0 00 
              20 BD E8 
              F6 81 2D 
              E9 F0 41 
              04 00 0D 
              00 00 26 
              00 2C 01 
              D1 01 20 
              9F E0 DF 
              F8 F0 71 
              38 68 10 
              F0 0F 00 
              A8 42 0B 
              D2 38 68 
              00 09 00 
              01 28 43 
              38 60 38 
              68 10 F0 
              0F 00 A8 
              42 01 D0 
              01 20 8C 
              E0 20 78 
              80 07 19 
              D5 20 78 
              40 07 05 
              D5 DF F8 
              A0 01 01 
              68 51 F4 
              E0 51 01 
              60 20 78 
              00 07 05 
              D5 DF F8 
              8C 01 01 
              68 51 F4 
              60 41 01 
              60 DF F8 
              80 11 0A 
              68 32 F0 
              F0 02 A0 
              68 02 43 
              0A 60 20 



ARM Macro Assembler    Page 23 


              78 C0 07 
              37 D5 60 
              68 01 28 
              06 D1 DF 
              F8 60 01 
              00 68 80 
              03 11 D4 
              01 20 62 
              E0 60 68 
              02 28 06 
              D1 DF F8 
              4C 01 00 
              68 80 01 
              07 D4 01 
              20 58 E0 
              50 48 00 
              68 80 07 
              01 D4 01 
              20 52 E0 
              DF F8 38 
              81 D8 F8 
              00 10 89 
              08 89 00 
              60 68 01 
              43 C8 F8 
              00 10 FF 
              F7 49 FD 
              06 00 D8 
              F8 00 00 
              10 F0 0C 
              00 61 68 
              B0 EB 81 
              0F 08 D0 
              FF F7 3E 
              FD 80 1B 
              41 F2 89 
              31 88 42 
              F0 D3 03 
              20 34 E0 
              38 68 10 
              F0 0F 00 
              85 42 0B 
              D2 38 68 
              00 09 00 
              01 28 43 
              38 60 38 
              68 10 F0 
              0F 00 A8 
              42 01 D0 
              01 20 23 
              E0 20 78 
              40 07 06 
              D5 35 49 
              0A 68 32 
              F4 E0 52 
              E0 68 02 
              43 0A 60 
              20 78 00 
              07 07 D5 



ARM Macro Assembler    Page 24 


              30 48 01 
              68 31 F4 
              60 41 22 
              69 51 EA 
              C2 01 01 
              60 00 F0 
              0F F8 34 
              49 2A 4A 
              12 68 C2 
              F3 03 12 
              89 5C C8 
              40 2B 49 
              08 60 0F 
              20 00 F0 
              61 F8 00 
              20 BD E8 
              F0 81 2D 
              E9 F0 41 
              00 24 00 
              25 00 26 
              00 27 20 
              48 00 68 
              10 F0 0C 
              00 00 28 
              04 D0 04 
              28 04 D0 
              08 28 04 
              D0 31 E0 
              1E 48 30 
              E0 24 48 
              2E E0 DF 
              F8 68 80 
              D8 F8 00 
              00 10 F0 
              3F 00 04 
              00 D8 F8 
              00 00 40 
              02 0C D5 
              D8 F8 00 
              00 C0 F3 
              88 10 1B 
              49 A1 FB 
              00 01 22 
              00 00 23 
              00 F0 59 
              F8 05 00 
              0B E0 D8 
              F8 00 00 
              C0 F3 88 
              10 0E 49 
              A1 FB 00 
              01 22 00 
              00 23 00 
              F0 4C F8 
              05 00 D8 
              F8 00 00 
              C0 F3 01 
              40 40 1C 
              40 00 06 



ARM Macro Assembler    Page 25 


              00 B5 FB 
              F6 F0 00 
              E0 05 48 
              BD E8 F0 
              81 00 38 
              02 40 08 
              38 02 40 
              04 38 02 
              40 74 38 
              02 40 00 
              24 F4 00 
              04 00 00 
              20 40 38 
              02 40 00 
              70 00 40 
              70 38 02 
              40 00 3C 
              02 40 E4 
              1E 00 08 
              40 78 7D 
              01 10 B5 
              04 00 4F 
              F4 7A 70 
              0D 49 09 
              78 B0 FB 
              F1 F0 0C 
              49 09 68 
              B1 FB F0 
              F0 00 F0 
              B0 F9 00 
              28 01 D0 
              01 20 0C 
              E0 10 2C 
              09 D2 00 
              22 21 00 
              5F F0 FF 
              30 00 F0 
              8F F9 04 
              48 04 60 
              00 20 00 
              E0 01 20 
              10 BD 08 
              00 00 20 
              04 00 00 
              20 00 00 
              00 20 BB 
              BB E1 B1 
              B2 F5 80 
              3F 80 F0 
              7E 80 02 
              2A 1E D9 
              8C 46 B1 
              FB F2 F1 
              02 FB 11 
              C3 1B 04 
              43 EA 10 
              43 B3 FB 
              F2 FC 02 
              FB 1C 33 



ARM Macro Assembler    Page 26 


              80 B2 40 
              EA 03 43 
              B3 FB F2 
              F0 02 FB 
              10 32 40 
              EA 0C 40 
              00 23 70 
              47 02 2A 
              05 D9 84 
              46 B0 FB 
              F2 F0 02 
              FB 10 C2 
              70 47 4A 
              B1 05 D1 
              00 F0 01 
              02 49 08 
              5F EA 30 
              00 70 47 
              00 22 00 
              23 70 47 
              00 F0 78 
              B9 0B 00 
              02 00 00 
              21 00 20 
              70 47 90 
              42 71 EB 
              03 0C F6 
              D3 B3 F5 
              80 3F 2F 
              D2 F0 B5 
              B3 FA 83 
              F7 B1 FA 
              81 F4 A7 
              F1 0F 0E 
              3D 1B 53 
              40 CE F1 
              20 06 02 
              FA 0E F2 
              F3 41 53 
              40 B5 F1 
              0F 07 46 
              D8 0F 3C 
              2C 44 41 
              40 C4 F1 
              20 06 A0 
              40 F1 41 
              41 40 B1 
              FB F3 F6 
              03 FB 16 
              11 A2 FB 
              06 45 00 
              1B A9 41 
              02 D2 76 
              1E 80 18 
              59 41 80 
              EA 01 02 
              21 FA 0E 
              F3 62 FA 
              0E F2 00 



ARM Macro Assembler    Page 27 


              21 5A 40 
              30 46 F0 
              BD 30 B4 
              B1 FB F3 
              FC 03 FB 
              1C 11 A2 
              FB 0C 45 
              00 1B A9 
              41 03 D2 
              AC F1 01 
              0C 80 18 
              59 41 30 
              BC 02 46 
              0B 46 60 
              46 00 21 
              70 47 B2 
              F1 80 7F 
              65 D3 F0 
              B5 B2 FA 
              82 F7 B1 
              FA 81 F4 
              C7 F1 0F 
              06 3D 1B 
              22 FA 06 
              F3 07 F1 
              11 0E F2 
              41 20 35 
              5A 40 B5 
              F1 0F 07 
              B8 D9 41 
              40 C4 F1 
              20 06 A0 
              40 F1 41 
              41 40 B1 
              FB F3 FC 
              03 FB 1C 
              11 A2 FB 
              0C 45 00 
              1B A9 41 
              03 D2 BC 
              F1 01 0C 
              80 18 59 
              41 0F 2F 
              12 D3 0F 
              3F C9 03 
              41 EA 50 
              41 B1 FB 
              F3 F6 03 
              FB 16 11 
              A2 FB 06 
              45 D4 EB 
              C0 30 A9 
              41 02 D2 
              76 1E 80 
              18 59 41 
              46 EA CC 
              3C 07 B3 
              41 40 C7 
              F1 20 06 



ARM Macro Assembler    Page 28 


              B8 40 F1 
              41 41 40 
              B1 FB F3 
              F6 03 FB 
              16 11 A2 
              FB 06 45 
              00 1B A9 
              41 02 D2 
              76 1E 80 
              18 59 41 
              80 EA 01 
              02 21 FA 
              0E F3 C7 
              F1 20 04 
              62 FA 0E 
              F2 0C FA 
              07 F0 5A 
              40 2C FA 
              04 F1 30 
              43 F0 BD 
              80 EA 01 
              02 21 FA 
              0E F3 00 
              21 62 FA 
              0E F2 60 
              46 5A 40 
              F0 BD 8C 
              46 B1 FB 
              F2 F1 02 
              FB 11 C3 
              1B 02 43 
              EA 10 63 
              B3 FB F2 
              FC 02 FB 
              1C 33 1B 
              02 4C EA 
              00 20 43 
              EA 10 63 
              B3 FB F2 
              FC 02 FB 
              1C 33 1B 
              02 4C EA 
              00 20 43 
              EA 10 63 
              B3 FB F2 
              FC 02 FB 
              1C 33 1B 
              02 4C EA 
              00 20 43 
              EA 10 63 
              B3 FB F2 
              FC 02 FB 
              1C 32 4C 
              EA 00 20 
              00 23 70 
              47 10 B4 
              10 F0 07 
              03 DF F8 
              04 41 22 



ARM Macro Assembler    Page 29 


              68 4F F6 
              FF 01 0A 
              40 DF F8 
              FC 10 51 
              EA 03 21 
              0A 43 22 
              60 10 BC 
              70 47 DF 
              F8 E8 00 
              00 68 C0 
              F3 02 20 
              70 47 10 
              B4 02 00 
              52 B2 00 
              2A 05 D4 
              0A 01 36 
              4B 04 00 
              64 B2 1A 
              55 08 E0 
              0A 01 34 
              4B 04 00 
              64 B2 14 
              F0 0F 04 
              23 44 03 
              F8 04 2C 
              10 BC 70 
              47 70 B4 
              03 00 13 
              F0 07 04 
              D4 F1 07 
              00 05 28 
              01 D3 04 
              20 01 E0 
              D4 F1 07 
              00 25 1D 
              07 2D 01 
              D2 00 25 
              00 E0 E5 
              1E 01 26 
              16 FA 00 
              F0 40 1E 
              01 40 A9 
              40 16 FA 
              05 F5 6D 
              1E 2A 40 
              11 43 08 
              00 70 BC 
              70 47 10 
              B5 04 00 
              60 1E B0 
              F1 80 7F 
              01 D3 01 
              20 0E E0 
              60 1E 1B 
              49 08 60 
              0F 21 5F 
              F0 FF 30 
              FF F7 BA 
              FF 00 20 



ARM Macro Assembler    Page 30 


              18 49 08 
              60 07 20 
              18 49 08 
              60 00 20 
              10 BD 10 
              B5 04 00 
              20 00 FF 
              F7 96 FF 
              10 BD 2D 
              E9 F0 41 
              04 00 0D 
              00 16 00 
              00 27 FF 
              F7 9E FF 
              80 46 32 
              00 29 00 
              40 46 FF 
              F7 B4 FF 
              01 00 20 
              00 40 B2 
              FF F7 99 
              FF BD E8 
              F0 81 10 
              B5 04 00 
              20 00 FF 
              F7 C8 FF 
              10 BD 0C 
              ED 00 E0 
              00 00 FA 
              05 00 E4 
              00 E0 18 
              ED 00 E0 
              14 E0 00 
              E0 18 E0 
              00 E0 10 
              E0 00 E0 
              70 47 00 
              00 10 B5 
              CC 4C CC 
              48 20 60 
              20 00 FE 
              F7 31 FF 
              00 28 01 
              D0 01 20 
              55 E0 00 
              F0 95 F9 
              C8 48 00 
              21 C1 61 
              00 21 01 
              62 00 21 
              41 62 00 
              21 41 61 
              00 21 C1 
              62 00 21 
              01 63 00 
              21 41 63 
              4F F4 00 
              51 C1 60 
              C0 48 00 



ARM Macro Assembler    Page 31 


              21 01 61 
              01 21 C1 
              60 10 21 
              81 60 5F 
              F4 80 01 
              41 61 01 
              20 60 60 
              04 20 A0 
              60 10 20 
              E0 60 80 
              20 B0 FA 
              80 F0 40 
              1E 20 61 
              4F F4 A0 
              60 60 61 
              00 20 A0 
              61 00 20 
              E0 61 00 
              20 20 62 
              20 00 FE 
              F7 8E FE 
              00 28 01 
              D0 01 20 
              1C E0 20 
              00 00 F0 
              1B F8 00 
              28 01 D0 
              01 20 15 
              E0 20 00 
              00 F0 AC 
              F8 00 28 
              01 D0 01 
              20 0E E0 
              20 00 00 
              F0 4D F8 
              00 28 01 
              D0 01 20 
              07 E0 20 
              00 00 F0 
              28 F8 00 
              28 01 D0 
              01 20 00 
              E0 00 20 
              10 BD 70 
              B5 04 00 
              9C 4D 4F 
              F4 80 70 
              A8 61 66 
              20 28 60 
              00 20 68 
              62 41 F2 
              88 36 32 
              00 29 00 
              20 00 FE 
              F7 E7 FE 
              00 28 01 
              D0 01 20 
              0B E0 99 
              20 28 60 



ARM Macro Assembler    Page 32 


              32 00 29 
              00 20 00 
              FE F7 DC 
              FE 00 28 
              01 D0 01 
              20 00 E0 
              00 20 70 
              BD 1C B5 
              04 00 8B 
              49 4F F4 
              40 70 88 
              61 EB 20 
              08 60 4F 
              F4 40 60 
              C8 61 5F 
              F0 40 70 
              48 62 0A 
              20 48 61 
              00 20 01 
              90 00 20 
              00 90 6A 
              46 20 00 
              FF F7 68 
              F8 00 28 
              01 D0 01 
              20 00 E0 
              00 20 16 
              BD 30 B5 
              8F B0 04 
              00 4F F4 
              80 70 07 
              90 85 20 
              01 90 00 
              20 08 90 
              00 20 09 
              90 5F F0 
              80 70 0A 
              90 00 20 
              06 90 01 
              20 0B 90 
              00 20 0C 
              90 00 20 
              0D 90 00 
              20 0E 90 
              41 F2 88 
              35 2A 00 
              01 A9 20 
              00 FE F7 
              98 FE 00 
              28 01 D0 
              01 20 31 
              E0 2A 00 
              69 46 20 
              00 FE F7 
              58 FF 00 
              28 01 D0 
              01 20 28 
              E0 20 00 
              00 F0 9E 



ARM Macro Assembler    Page 33 


              F8 00 28 
              01 D0 01 
              20 21 E0 
              81 20 01 
              90 9D F8 
              00 10 11 
              F0 0F 01 
              0A 22 5F 
              F0 70 60 
              B0 FA 80 
              F0 82 40 
              11 43 8D 
              F8 00 10 
              2A 00 01 
              A9 20 00 
              FE F7 70 
              FE 00 28 
              01 D0 01 
              20 09 E0 
              2A 00 69 
              46 20 00 
              FE F7 BD 
              FE 00 28 
              01 D0 01 
              20 00 E0 
              00 20 0F 
              B0 30 BD 
              F0 B5 95 
              B0 04 00 
              4F F4 80 
              70 07 90 
              00 20 09 
              90 00 20 
              06 90 00 
              20 0C 90 
              00 20 0D 
              90 00 20 
              0E 90 10 
              20 11 90 
              00 20 13 
              90 5F F4 
              80 00 14 
              90 65 20 
              01 90 00 
              20 08 90 
              5F F0 80 
              75 0A 95 
              01 20 0B 
              90 3F 4E 
              41 F2 88 
              37 3A 00 
              01 A9 30 
              00 FE F7 
              38 FE 00 
              28 01 D0 
              01 20 47 
              E0 3A 00 
              69 46 30 
              00 FE F7 



ARM Macro Assembler    Page 34 


              F8 FE 00 
              28 01 D0 
              01 20 3E 
              E0 06 20 
              01 90 00 
              20 0A 90 
              3A 00 01 
              A9 30 00 
              FE F7 22 
              FE 00 28 
              01 D0 01 
              20 31 E0 
              02 20 0F 
              90 02 20 
              10 90 01 
              20 12 90 
              05 20 01 
              90 0A 95 
              3B 00 0F 
              AA 01 A9 
              30 00 FE 
              F7 53 FF 
              00 28 01 
              D0 01 20 
              1E E0 61 
              20 01 90 
              01 20 0B 
              90 9D F8 
              00 00 10 
              F0 3F 00 
              50 F0 40 
              00 8D F8 
              00 00 3A 
              00 01 A9 
              30 00 FE 
              F7 FA FD 
              00 28 01 
              D0 01 20 
              09 E0 3A 
              00 69 46 
              30 00 FE 
              F7 47 FE 
              00 28 01 
              D0 01 20 
              00 E0 00 
              20 15 B0 
              F0 BD 70 
              B5 04 00 
              15 4D 4F 
              F4 40 70 
              A8 61 06 
              20 28 60 
              00 20 68 
              62 41 F2 
              88 36 32 
              00 29 00 
              20 00 FE 
              F7 D9 FD 
              00 28 01 



ARM Macro Assembler    Page 35 


              D0 01 20 
              13 E0 0D 
              4A 02 20 
              10 60 02 
              20 50 60 
              05 20 28 
              60 5F F0 
              40 70 68 
              62 33 00 
              29 00 20 
              00 FE F7 
              0A FF 00 
              28 01 D0 
              01 20 00 
              E0 00 20 
              70 BD 0C 
              00 00 20 
              00 10 00 
              A0 58 00 
              00 20 90 
              00 00 20 
              10 B5 86 
              B0 36 48 
              01 68 51 
              F0 02 01 
              01 60 00 
              68 10 F0 
              02 00 05 
              90 05 98 
              32 48 01 
              68 51 F0 
              02 01 01 
              60 01 68 
              31 F0 02 
              01 01 60 
              2F 48 01 
              68 51 F0 
              02 01 01 
              60 01 68 
              11 F0 02 
              01 05 91 
              05 99 01 
              68 51 F0 
              08 01 01 
              60 01 68 
              11 F0 08 
              01 05 91 
              05 99 01 
              68 51 F0 
              10 01 01 
              60 00 68 
              10 F0 10 
              00 05 90 
              05 98 40 
              20 00 90 
              0A 20 04 
              90 02 20 
              01 90 01 
              20 02 90 



ARM Macro Assembler    Page 36 


              02 20 03 
              90 1D 4C 
              69 46 20 
              00 00 F0 
              3C F8 04 
              20 00 90 
              09 20 04 
              90 00 20 
              02 90 69 
              46 20 00 
              00 F0 32 
              F8 4F F4 
              00 60 00 
              90 09 20 
              04 90 14 
              4C 69 46 
              20 00 00 
              F0 28 F8 
              4F F4 80 
              50 00 90 
              09 20 04 
              90 69 46 
              20 00 00 
              F0 1F F8 
              04 20 00 
              90 09 20 
              04 90 69 
              46 0B 48 
              00 F0 17 
              F8 4F F4 
              00 50 00 
              90 09 20 
              04 90 69 
              46 20 00 
              00 F0 0E 
              F8 06 B0 
              10 BD 38 
              38 02 40 
              18 38 02 
              40 30 38 
              02 40 00 
              04 02 40 
              00 0C 02 
              40 00 10 
              02 40 2D 
              E9 F8 41 
              00 22 00 
              23 00 24 
              00 26 00 
              25 10 2D 
              80 F0 0B 
              81 01 27 
              17 FA 05 
              F2 13 00 
              0A 68 1A 
              40 14 00 
              9C 42 40 
              F0 FF 80 
              4A 68 02 



ARM Macro Assembler    Page 37 


              2A 02 D0 
              4A 68 12 
              2A 1F D1 
              2A 00 D2 
              08 00 EB 
              82 02 D2 
              F8 20 C0 
              5F F0 0F 
              0E 15 F0 
              07 02 D2 
              B2 92 00 
              1E FA 02 
              FE 3C EA 
              0E 0C D1 
              F8 10 E0 
              15 F0 07 
              02 D2 B2 
              92 00 1E 
              FA 02 FE 
              5E EA 0C 
              0C 66 46 
              2A 00 D2 
              08 00 EB 
              82 02 16 
              62 D0 F8 
              00 C0 5F 
              F0 03 0E 
              2A 00 D2 
              B2 52 00 
              1E FA 02 
              F2 3C EA 
              02 0C 91 
              F8 04 80 
              18 F0 03 
              08 2A 00 
              D2 B2 52 
              00 18 FA 
              02 F8 58 
              EA 0C 0C 
              C0 F8 00 
              C0 4A 68 
              01 2A 08 
              D0 4A 68 
              02 2A 05 
              D0 4A 68 
              11 2A 02 
              D0 4A 68 
              12 2A 1B 
              D1 86 68 
              2A 00 D2 
              B2 52 00 
              1E FA 02 
              F2 96 43 
              D1 F8 0C 
              80 2A 00 
              D2 B2 52 
              00 18 FA 
              02 F8 58 
              EA 06 06 



ARM Macro Assembler    Page 38 


              86 60 42 
              68 AF 40 
              BA 43 4F 
              68 C7 F3 
              00 17 AF 
              40 3A 43 
              94 46 C0 
              F8 04 C0 
              C6 68 2A 
              00 D2 B2 
              52 00 1E 
              FA 02 FE 
              36 EA 0E 
              06 8F 68 
              2A 00 D2 
              B2 52 00 
              97 40 3E 
              43 C6 60 
              4A 68 D2 
              00 40 F1 
              86 80 DF 
              F8 14 21 
              17 68 57 
              F4 80 47 
              17 60 12 
              68 12 F4 
              80 42 00 
              92 00 9A 
              DF F8 00 
              C1 2A 00 
              92 08 5C 
              F8 22 70 
              5F F0 0F 
              0E 15 F0 
              03 02 D2 
              B2 92 00 
              1E FA 02 
              FE 37 EA 
              0E 07 DF 
              F8 E4 20 
              90 42 01 
              D1 00 26 
              31 E0 DF 
              F8 DC 20 
              90 42 01 
              D1 01 26 
              2B E0 DF 
              F8 D4 20 
              90 42 01 
              D1 02 26 
              25 E0 DF 
              F8 CC 20 
              90 42 01 
              D1 03 26 
              1F E0 DF 
              F8 C4 20 
              90 42 01 
              D1 04 26 
              19 E0 2F 



ARM Macro Assembler    Page 39 


              4A 90 42 
              01 D1 05 
              26 14 E0 
              2E 4A 90 
              42 01 D1 
              06 26 0F 
              E0 2C 4A 
              90 42 01 
              D1 07 26 
              0A E0 2B 
              4A 90 42 
              01 D1 08 
              26 05 E0 
              29 4A 90 
              42 01 D1 
              09 26 00 
              E0 0A 26 
              F6 B2 15 
              F0 03 02 
              D2 B2 92 
              00 96 40 
              37 43 2A 
              00 92 08 
              4C F8 22 
              70 22 4E 
              32 68 A2 
              43 D1 F8 
              04 C0 5F 
              EA CC 3C 
              00 D5 22 
              43 32 60 
              1E 4F 3E 
              68 A6 43 
              D1 F8 04 
              C0 5F EA 
              8C 3C 00 
              D5 26 43 
              3E 60 1A 
              4F 3A 68 
              A2 43 D1 
              F8 04 C0 
              5F EA CC 
              2C 00 D5 
              22 43 3A 
              60 16 4F 
              3E 68 A6 
              43 D1 F8 
              04 C0 5F 
              EA 8C 2C 
              00 D5 26 
              43 3E 60 
              6D 1C F1 
              E6 BD E8 
              F1 81 00 
              00 44 38 
              02 40 08 
              38 01 40 
              00 00 02 
              40 00 04 



ARM Macro Assembler    Page 40 


              02 40 00 
              08 02 40 
              00 0C 02 
              40 00 10 
              02 40 00 
              14 02 40 
              00 18 02 
              40 00 1C 
              02 40 00 
              20 02 40 
              00 24 02 
              40 00 3C 
              01 40 04 
              3C 01 40 
              08 3C 01 
              40 0C 3C 
              01 40 BF 
              F3 4F 8F 
              BF F3 6F 
              8F 00 20 
              49 49 08 
              60 BF F3 
              4F 8F BF 
              F3 6F 8F 
              47 48 01 
              68 51 F4 
              00 31 01 
              60 BF F3 
              4F 8F BF 
              F3 6F 8F 
              70 47 BF 
              F3 4F 8F 
              BF F3 6F 
              8F 40 48 
              01 68 31 
              F4 00 31 
              01 60 00 
              20 3C 49 
              08 60 BF 
              F3 4F 8F 
              BF F3 6F 
              8F 70 47 
              10 B4 00 
              20 39 49 
              08 60 BF 
              F3 4F 8F 
              38 48 01 
              68 C1 F3 
              4E 32 C1 
              F3 C9 00 
              03 00 43 
              F6 E0 70 
              10 EA 42 
              10 50 EA 
              83 70 33 
              4C 20 60 
              18 00 43 
              1E 00 28 
              F3 D1 10 



ARM Macro Assembler    Page 41 


              00 42 1E 
              00 28 EC 
              D1 BF F3 
              4F 8F 2A 
              48 04 68 
              54 F4 80 
              34 04 60 
              BF F3 4F 
              8F BF F3 
              6F 8F 10 
              BC 70 47 
              10 B4 00 
              20 24 49 
              08 60 BF 
              F3 4F 8F 
              21 48 01 
              68 31 F4 
              80 31 01 
              60 BF F3 
              4F 8F 20 
              48 01 68 
              C1 F3 4E 
              32 C1 F3 
              C9 00 03 
              00 43 F6 
              E0 70 10 
              EA 42 10 
              50 EA 83 
              70 1B 4C 
              20 60 18 
              00 43 1E 
              00 28 F3 
              D1 10 00 
              42 1E 00 
              28 EC D1 
              BF F3 4F 
              8F BF F3 
              6F 8F 10 
              BC 70 47 
              80 B5 00 
              F0 72 F8 
              00 F0 7D 
              F8 00 F0 
              30 F8 00 
              F0 27 F8 
              00 28 01 
              D0 00 F0 
              29 F8 00 
              F0 6C F8 
              00 20 0C 
              49 08 60 
              0C 48 0D 
              49 09 68 
              01 60 5F 
              F0 10 41 
              09 68 81 
              F3 08 88 
              00 68 80 
              47 FE E7 



ARM Macro Assembler    Page 42 


              50 EF 00 
              E0 14 ED 
              00 E0 84 
              ED 00 E0 
              80 ED 00 
              E0 60 EF 
              00 E0 74 
              EF 00 E0 
              10 E0 00 
              E0 A8 00 
              00 20 04 
              00 00 90 
              10 B5 00 
              24 FF F7 
              FC FB 20 
              43 10 BD 
              FE E7 30 
              B5 91 B0 
              00 24 01 
              20 05 90 
              5F F4 80 
              30 06 90 
              02 20 0B 
              90 5F F4 
              80 00 0C 
              90 19 20 
              0D 90 4F 
              F4 D8 70 
              0E 90 02 
              20 0F 90 
              08 20 10 
              90 05 A8 
              FE F7 20 
              FF 05 00 
              28 00 C0 
              B2 00 28 
              00 D0 FE 
              E7 00 F0 
              3E F8 04 
              00 20 00 
              C0 B2 00 
              28 00 D0 
              FE E7 0F 
              20 00 90 
              02 20 01 
              90 00 20 
              02 90 4F 
              F4 A0 50 
              03 90 4F 
              F4 80 50 
              04 90 06 
              21 68 46 
              FF F7 E5 
              F8 01 00 
              C9 B2 00 
              29 00 D0 
              FE E7 11 
              B0 30 BD 
              80 B5 FF 



ARM Macro Assembler    Page 43 


              F7 0E FF 
              FF F7 32 
              FF 01 BD 
              80 B5 FF 
              F7 1D FF 
              FF F7 56 
              FF 01 BD 
              00 00 80 
              B5 07 48 
              01 68 51 
              F4 80 71 
              01 60 03 
              20 FF F7 
              74 FB 0F 
              20 FF F7 
              CE F9 00 
              F0 04 F8 
              00 20 02 
              BD 00 3C 
              02 40 70 
              47 00 00 
              7C B5 00 
              24 1B 48 
              01 68 51 
              F0 80 51 
              01 60 00 
              68 10 F0 
              80 50 00 
              90 00 98 
              15 4E 30 
              68 50 F4 
              80 30 30 
              60 FE F7 
              55 FE 05 
              00 10 4C 
              20 68 C0 
              03 08 D4 
              FE F7 4E 
              FE 40 1B 
              40 F2 E9 
              31 88 42 
              F4 D3 03 
              20 13 E0 
              30 68 50 
              F4 00 30 
              30 60 FE 
              F7 41 FE 
              06 00 20 
              68 80 03 
              08 D4 FE 
              F7 3B FE 
              80 1B 40 
              F2 E9 31 
              88 42 F5 
              D3 03 20 
              00 E0 00 
              20 76 BD 
              04 70 00 
              40 00 70 



ARM Macro Assembler    Page 44 


              00 40 40 
              38 02 40 
              0F 48 01 
              68 51 F4 
              70 01 01 
              60 0E 49 
              08 68 50 
              F0 01 00 
              08 60 00 
              20 0C 4A 
              10 60 0A 
              68 0B 48 
              02 40 0A 
              60 0B 48 
              0B 4A 10 
              60 08 68 
              30 F4 80 
              20 08 60 
              00 20 09 
              49 08 60 
              5F F0 00 
              60 08 49 
              08 60 70 
              47 88 ED 
              00 E0 00 
              38 02 40 
              08 38 02 
              40 FF FF 
              F6 FE 10 
              30 00 24 
              04 38 02 
              40 0C 38 
              02 40 08 
              ED 00 E0 
              30 B4 50 
              F8 04 1B 
              79 B1 02 
              68 43 68 
              02 44 08 
              30 DC 07 
              44 BF A9 
              F1 01 04 
              E3 18 52 
              F8 04 5B 
              43 F8 04 
              5B 09 1F 
              F9 D1 EC 
              E7 30 BC 
              70 47 10 
              B5 07 49 
              79 44 18 
              31 06 4C 
              7C 44 16 
              34 04 E0 
              0A 68 08 
              1D 11 44 
              88 47 01 
              46 A1 42 
              F8 D1 10 



ARM Macro Assembler    Page 45 


              BD 2C 00 
              00 00 4C 
              00 00 00 
              4E F6 88 
              51 CE F2 
              00 01 08 
              68 40 F4 
              70 00 08 
              60 BF F3 
              4F 8F BF 
              F3 6F 8F 
              4F F0 00 
              70 E1 EE 
              10 0A 70 
              47 00 00 
              8F EB FF 
              FF A4 00 
              00 00 0C 
              00 00 20 
              00 00 00 
              00 79 FF 
              FF FF 0C 
              00 00 00 
              B0 00 00 
              00 00 00 
              00 20 00 
              00 00 00 
              00 F0 0D 
              F8 00 28 
              01 D0 FF 
              F7 C2 FF 
              AF F3 00 
              80 00 20 
              AF F3 00 
              80 FF F7 
              A3 FE 00 
              F0 02 F8 
              01 20 70 
              47 00 F0 
              01 B8 00 
              00 07 46 
              38 46 00 
              F0 02 F8 
              FB E7 00 
              00 80 B5 
              AF F3 00 
              80 02 4A 
              11 00 18 
              20 AB BE 
              FB E7 26 
              00 02 00 
              03 48 01 
              68 03 4A 
              12 78 89 
              18 01 60 
              70 47 00 
              BF AC 00 
              00 20 08 
              00 00 20 



ARM Macro Assembler    Page 46 


              70 47 FE 
              E7 FE E7 
              FE E7 FE 
              E7 70 47 
              70 47 70 
              47 80 B5 
              FF F7 E9 
              FF 01 BD 
              00 00 00 
              00 00 00 
              00 00 01 
              02 03 04 
              06 07 08 
              09 01 48 
              80 47 01 
              48 00 47 
              71 1D 00 
              08 05 1F 
              00 08 AF 
              F3 00 80 
              FF F7 8C 
              FF FF F7 
              AE FF 10 
              00 00 00 
              00 24 F4 
              00 01 00 
              00 00 FF 
              F7 FE BF 
              FF F7 FE 
              BF FF F7 
              FE BF FF 
              F7 FE BF 
              FF F7 FE 
              BF FF F7 
              FE BF FF 
              F7 FE BF 
              FF F7 FE 
              BF FF F7 
              FE BF FF 
              F7 FE BF 
              FF F7 FE 
              BF FF F7 
              FE BF FF 
              F7 FE BF 
              FF F7 FE 
              BF FF F7 
              FE BF FF 
              F7 FE BF 
              FF F7 FE 
              BF FF F7 
              FE BF FF 
              F7 FE BF 
              FF F7 FE 
              BF FF F7 
              FE BF FF 
              F7 FE BF 
              FF F7 FE 
              BF FF F7 
              FE BF FF 



ARM Macro Assembler    Page 47 


              F7 FE BF 
              FF F7 FE 
              BF FF F7 
              FE BF FF 
              F7 FE BF 
              FF F7 FE 
              BF FF F7 
              FE BF FF 
              F7 FE BF 
              FF F7 FE 
              BF FF F7 
              FE BF FF 
              F7 FE BF 
              FF F7 FE 
              BF FF F7 
              FE BF FF 
              F7 FE BF 
              FF F7 FE 
              BF FF F7 
              FE BF FF 
              F7 FE BF 
              FF F7 FE 
              BF FF F7 
              FE BF FF 
              F7 FE BF 
              FF F7 FE 
              BF FF F7 
              FE BF FF 
              F7 FE BF 
              FF F7 FE 
              BF FF F7 
              FE BF FF 
              F7 FE BF 
              FF F7 FE 
              BF FF F7 
              FE BF FF 
              F7 FE BF 
              FF F7 FE 
              BF FF F7 
              FE BF FF 
              F7 FE BF 
              FF F7 FE 
              BF FF F7 
              FE BF FF 
              F7 FE BF 
              FF F7 FE 
              BF FF F7 
              FE BF FF 
              F7 FE BF 
              FF F7 FE 
              BF FF F7 
              FE BF FF 
              F7 FE BF 
              FF F7 FE 
              BF FF F7 
              FE BF FF 
              F7 FE BF 
              FF F7 FE 
              BF FF F7 



ARM Macro Assembler    Page 48 


              FE BF FF 
              F7 FE BF 
              FF F7 FE 
              BF FF F7 
              FE BF FF 
              F7 FE BF 
              FF F7 FE 
              BF FF F7 
              FE BF FF 
              F7 FE BF 
              FF F7 FE 
              BF FF F7 
              FE BF FF 
              F7 FE BF 
              FF F7 FE 
              BF FF F7 
              FE BF FF 
              F7 FE BF 
              FF F7 FE 
              BF FF F7 
              FE BF FF 
              F7 FE BF 
              FF F7 FE 
              BF FF F7 
              FE BF FF 
              F7 FE BF 
              FF F7 FE 
              BF FF F7 
              FE BF FF 
              F7 FE BF 
              FF F7 FE 
              BF FF F7 
              FE BF FF 
              F7 FE BF 
              FF F7 FE 
              BF FF F7 
              FE BF FF 
              F7 FE BF 
              FF F7 FE 
              BF               INCBIN           ..\ExtMem_Boot\Binary\Bootloade
r.bin
   21 000020A4         
   22 000020A4                 END
Command Line: --debug --xref --diag_suppress=9931 --cpu=Cortex-M7.fp.sp --apcs=
interwork --depend=stm32f7508-dk\bootloader.d -ostm32f7508-dk\bootloader.o -I..
\Core\Inc -I.\RTE\_STM32F7508-DK -IC:\Users\jjjke\AppData\Local\Arm\Packs\ARM\C
MSIS\5.8.0\CMSIS\Core\Include -IC:\Users\jjjke\AppData\Local\Arm\Packs\Keil\STM
32F7xx_DFP\2.14.1\Drivers\CMSIS\Device\ST\STM32F7xx\Include --predefine="__MICR
OLIB SETA 1" --predefine="__UVISION_VERSION SETA 535" --predefine="_RTE_ SETA 1
" --predefine="STM32F750xx SETA 1" --predefine="_RTE_ SETA 1" --list=bootloader
.lst bootloader.s



ARM Macro Assembler    Page 1 Alphabetic symbol ordering
Relocatable symbols

bootloader 00000000

Symbol: bootloader
   Definitions
      At line 19 in file bootloader.s
   Uses
      At line 17 in file bootloader.s
Comment: bootloader used once
bootloader_section 00000000

Symbol: bootloader_section
   Definitions
      At line 18 in file bootloader.s
   Uses
      None
Comment: bootloader_section unused
2 symbols
336 symbols in table
